[38;5;112m[Appium][0m Welcome to Appium v2.11.5
[38;5;112m[Appium][0m Non-default server args:
[38;5;112m[Appium][0m { basePath: [32m'/wd/hub'[39m, loglevel: [32m'info'[39m, port: [33m58595[39m }
[38;5;112m[Appium][0m Attempting to load driver uiautomator2...
[38;5;112m[Appium][0m Attempting to load driver chromium...
[38;5;112m[Appium][0m Appium REST http interface listener started on http://0.0.0.0:58595/wd/hub
[38;5;112m[Appium][0m You can provide the following URLs in your client code to connect to this server:
	http://192.168.59.241:58595/wd/hub
	http://127.0.0.1:58595/wd/hub (only accessible from the same host)
[38;5;112m[Appium][0m Available drivers:
[38;5;112m[Appium][0m   - uiautomator2@3.8.0 (automationName 'UiAutomator2')
[38;5;112m[Appium][0m   - chromium@1.3.47 (automationName 'Chromium')
[38;5;112m[Appium][0m No plugins have been installed. Use the "appium plugin" command to install the one(s) you want to use.
[38;5;86m[HTTP][0m [37m-->[39m [37mGET[39m [37m/wd/hub/status[39m [90m{}[39m
[38;5;86m[HTTP][0m [37m<-- GET /wd/hub/status [39m[32m200[39m [90m3 ms - 111[39m [90m[39m
[38;5;86m[HTTP][0m [37m-->[39m [37mGET[39m [37m/wd/hub/status[39m [90m{}[39m
[38;5;86m[HTTP][0m [37m<-- GET /wd/hub/status [39m[32m200[39m [90m1 ms - 111[39m [90m[39m
[38;5;86m[HTTP][0m [37m-->[39m [37mPOST[39m [37m/wd/hub/session[39m [90m{"desiredCapabilities":{"appium:systemPort":8295,"appium:newCommandTimeout":1800,"appium:appWaitActivity":"*","appium:automationName":"uiautomator2","appium:platformVersion":"14","appium:deviceId":"5194db69","appium:udid":"5194db69","appium:autoGrantPermissions":true,"appium:platformName":"ANDROID","appium:appActivity":".Settings","appium:deviceName":"OPPO CPH2457 (Android 14)","platformName":"Android","appium:appPackage":"com.android.settings"},"capabilities":{"firstMatch":[{"appium:appActivity":".Settings","appium:appPackage":"com.android.settings","appium:appWaitActivity":"*","appium:autoGrantPermissions":true,"appium:automationName":"uiautomator2","appium:deviceId":"5194db69","appium:deviceName":"OPPO CPH2457 (Android 14)","appium:newCommandTimeout":1800,"appium:platformName":"ANDROID","appium:platformVersion":"14","appium:systemPort":8295,"appium:udid":"5194db69","platformName":"android"}]}}[39m
[38;5;123m[BaseDriver][0m Ignoring capability 'appium:platformName=ANDROID' and using capability 'platformName=android'
[38;5;123m[BaseDriver][0m The capabilities ["platformName"] are standard capabilities and do not require "appium:" prefix
[38;5;112m[Appium][0m Attempting to find matching driver for automationName 'uiautomator2' and platformName 'android'
[38;5;112m[Appium][0m The 'uiautomator2' driver was installed and matched caps.
[38;5;112m[Appium][0m Will require it at C:\Users\accou\.appium\node_modules\appium-uiautomator2-driver
[38;5;192m[AppiumDriver@eb16][0m Appium v2.11.5 creating new AndroidUiautomator2Driver (v3.8.0) session
[38;5;192m[AppiumDriver@eb16][0m Checking BaseDriver versions for Appium and AndroidUiautomator2Driver
[38;5;192m[AppiumDriver@eb16][0m Appium's BaseDriver version is 9.11.5
[38;5;192m[AppiumDriver@eb16][0m AndroidUiautomator2Driver's BaseDriver version is 9.11.5
[38;5;-150m[AndroidUiautomator2Driver@db16][0m The following provided capabilities were not recognized by this driver:
[38;5;-150m[AndroidUiautomator2Driver@db16][0m   deviceId
[38;5;118m[3ad81461][0m[38;5;-150m[AndroidUiautomator2Driver@db16][0m Session created with session id: 3ad81461-6fb8-4008-9819-5f7a67c05c5a
[38;5;118m[3ad81461][0m[38;5;229m[ADB][0m Found 2 'build-tools' folders under 'C:\Users\accou\AppData\Local\Android\Sdk' (newest first):
[38;5;118m[3ad81461][0m[38;5;229m[ADB][0m     C:\Users\accou\AppData\Local\Android\Sdk\build-tools\35.0.0
[38;5;118m[3ad81461][0m[38;5;229m[ADB][0m     C:\Users\accou\AppData\Local\Android\Sdk\build-tools\34.0.0
[38;5;118m[3ad81461][0m[38;5;229m[ADB][0m Using 'adb.exe' from 'C:\Users\accou\AppData\Local\Android\Sdk\platform-tools\adb.exe'
[38;5;118m[3ad81461][0m[38;5;-150m[AndroidUiautomator2Driver@db16][0m Retrieving device list
[38;5;118m[3ad81461][0m[38;5;-150m[AndroidUiautomator2Driver@db16][0m Using device: 5194db69
[38;5;118m[3ad81461][0m[38;5;229m[ADB][0m Using 'adb.exe' from 'C:\Users\accou\AppData\Local\Android\Sdk\platform-tools\adb.exe'
[38;5;118m[3ad81461][0m[38;5;-150m[AndroidUiautomator2Driver@db16][0m Starting 'com.android.settings' directly on the device
[38;5;118m[3ad81461][0m[38;5;229m[ADB][0m Getting device platform version
[38;5;118m[3ad81461][0m[38;5;-150m[AndroidUiautomator2Driver@db16][0m Relaxing hidden api policy
[38;5;118m[3ad81461][0m[38;5;-150m[AndroidUiautomator2Driver@db16][0m No app sent in, not parsing package/activity
[38;5;118m[3ad81461][0m[38;5;229m[ADB][0m Using 'aapt2.exe' from 'C:\Users\accou\AppData\Local\Android\Sdk\build-tools\35.0.0\aapt2.exe'
[38;5;118m[3ad81461][0m[38;5;-150m[AndroidUiautomator2Driver@db16][0m Server packages are going to be (re)installed
[38;5;118m[3ad81461][0m[38;5;229m[ADB][0m The application at 'C:\Users\accou\.appium\node_modules\appium-uiautomator2-driver\node_modules\appium-uiautomator2-server\apks\appium-uiautomator2-server-v7.0.25.apk' will not be cached, because the device under test has confirmed the support of streamed installs
[38;5;118m[3ad81461][0m[38;5;229m[ADB][0m The application at 'C:\Users\accou\.appium\node_modules\appium-uiautomator2-driver\node_modules\appium-uiautomator2-server\apks\appium-uiautomator2-server-debug-androidTest.apk' will not be cached, because the device under test has confirmed the support of streamed installs
[38;5;118m[3ad81461][0m[38;5;229m[ADB][0m The installation of 'appium-uiautomator2-server-debug-androidTest.apk' took 4998ms
[38;5;118m[3ad81461][0m[38;5;229m[ADB][0m The installation of 'appium-uiautomator2-server-v7.0.25.apk' took 7611ms
[38;5;118m[3ad81461][0m[38;5;229m[ADB][0m Adding packages ["io.appium.settings","io.appium.uiautomator2.server","io.appium.uiautomator2.server.test"] to Doze whitelist
[38;5;118m[3ad81461][0m[38;5;-150m[AndroidUiautomator2Driver@db16][0m Starting UIAutomator2 server 7.0.25
[38;5;118m[3ad81461][0m[38;5;-150m[AndroidUiautomator2Driver@db16][0m Using UIAutomator2 server from 'C:\Users\accou\.appium\node_modules\appium-uiautomator2-driver\node_modules\appium-uiautomator2-server\apks\appium-uiautomator2-server-v7.0.25.apk' and test from 'C:\Users\accou\.appium\node_modules\appium-uiautomator2-driver\node_modules\appium-uiautomator2-server\apks\appium-uiautomator2-server-debug-androidTest.apk'
[38;5;118m[3ad81461][0m[38;5;-150m[AndroidUiautomator2Driver@db16][0m Waiting up to 30000ms for UiAutomator2 to be online...
[38;5;118m[3ad81461][0m[38;5;-150m[AndroidUiautomator2Driver@db16][0m socket hang up
[38;5;118m[3ad81461][0m[38;5;-150m[AndroidUiautomator2Driver@db16][0m socket hang up
[38;5;118m[3ad81461][0m[38;5;-150m[AndroidUiautomator2Driver@db16][0m socket hang up
[38;5;118m[3ad81461][0m[38;5;-150m[AndroidUiautomator2Driver@db16][0m socket hang up
[38;5;118m[3ad81461][0m[38;5;-150m[AndroidUiautomator2Driver@db16][0m socket hang up
[38;5;118m[3ad81461][0m[38;5;-150m[AndroidUiautomator2Driver@db16][0m socket hang up
[38;5;118m[3ad81461][0m[38;5;-150m[AndroidUiautomator2Driver@db16][0m socket hang up
[38;5;118m[3ad81461][0m[38;5;-150m[AndroidUiautomator2Driver@db16][0m Determined the downstream protocol as 'W3C'
[38;5;118m[3ad81461][0m[38;5;-150m[AndroidUiautomator2Driver@db16][0m Screen already unlocked, doing nothing
[38;5;118m[3ad81461][0m[38;5;-150m[AndroidUiautomator2Driver@db16][0m Starting 'com.android.settings/.Settings and waiting for 'com.android.settings/*'
[38;5;118m[3ad81461][0m[38;5;192m[AppiumDriver@eb16][0m New AndroidUiautomator2Driver session created successfully, session 3ad81461-6fb8-4008-9819-5f7a67c05c5a added to master session list
[38;5;118m[3ad81461][0m[38;5;86m[HTTP][0m [37m<-- POST /wd/hub/session [39m[32m200[39m [90m22610 ms - 1153[39m [90m[39m
[38;5;118m[3ad81461][0m[38;5;86m[HTTP][0m [37m-->[39m [37mGET[39m [37m/wd/hub/session/3ad81461-6fb8-4008-9819-5f7a67c05c5a[39m [90m{}[39m
[38;5;118m[3ad81461][0m[38;5;86m[HTTP][0m [37m<-- GET /wd/hub/session/3ad81461-6fb8-4008-9819-5f7a67c05c5a [39m[32m200[39m [90m22 ms - 349[39m [90m[39m
[38;5;118m[3ad81461][0m[38;5;86m[HTTP][0m [37m-->[39m [37mGET[39m [37m/wd/hub/session/3ad81461-6fb8-4008-9819-5f7a67c05c5a[39m [90m{}[39m
[38;5;118m[3ad81461][0m[38;5;86m[HTTP][0m [37m<-- GET /wd/hub/session/3ad81461-6fb8-4008-9819-5f7a67c05c5a [39m[32m200[39m [90m21 ms - 349[39m [90m[39m
[38;5;86m[HTTP][0m [37m-->[39m [37mGET[39m [37m/wd/hub/status[39m [90m{}[39m
[38;5;86m[HTTP][0m [37m<-- GET /wd/hub/status [39m[32m200[39m [90m1 ms - 111[39m [90m[39m
[38;5;118m[3ad81461][0m[38;5;86m[HTTP][0m [37m-->[39m [37mPOST[39m [37m/wd/hub/session/3ad81461-6fb8-4008-9819-5f7a67c05c5a/timeouts[39m [90m{"implicit":60000}[39m
[38;5;118m[3ad81461][0m[38;5;86m[HTTP][0m [37m<-- POST /wd/hub/session/3ad81461-6fb8-4008-9819-5f7a67c05c5a/timeouts [39m[32m200[39m [90m2 ms - 14[39m [90m[39m
[38;5;118m[3ad81461][0m[38;5;86m[HTTP][0m [37m-->[39m [37mGET[39m [37m/wd/hub/session/3ad81461-6fb8-4008-9819-5f7a67c05c5a/appium/device/system_bars[39m [90m{}[39m
[38;5;118m[3ad81461][0m[38;5;86m[HTTP][0m [37m<-- GET /wd/hub/session/3ad81461-6fb8-4008-9819-5f7a67c05c5a/appium/device/system_bars [39m[32m200[39m [90m203 ms - 152[39m [90m[39m
[38;5;118m[3ad81461][0m[38;5;86m[HTTP][0m [37m-->[39m [37mPOST[39m [37m/wd/hub/session/3ad81461-6fb8-4008-9819-5f7a67c05c5a/appium/device/activate_app[39m [90m{"bundleId":"com.coloros.calculator"}[39m
[38;5;118m[3ad81461][0m[38;5;86m[HTTP][0m [37m<-- POST /wd/hub/session/3ad81461-6fb8-4008-9819-5f7a67c05c5a/appium/device/activate_app [39m[32m200[39m [90m597 ms - 14[39m [90m[39m
[38;5;118m[3ad81461][0m[38;5;86m[HTTP][0m [37m-->[39m [37mGET[39m [37m/wd/hub/session/3ad81461-6fb8-4008-9819-5f7a67c05c5a/source[39m [90m{}[39m
[38;5;118m[3ad81461][0m[38;5;-150m[AndroidUiautomator2Driver@db16][0m Driver proxy active, passing request on via HTTP proxy
[38;5;118m[3ad81461][0m[38;5;-150m[AndroidUiautomator2Driver@db16][0m Replacing sessionId 6f3b91e3-145d-42eb-9c19-10d28f6b842f with 3ad81461-6fb8-4008-9819-5f7a67c05c5a
[38;5;118m[3ad81461][0m[38;5;86m[HTTP][0m [37m<-- GET /wd/hub/session/3ad81461-6fb8-4008-9819-5f7a67c05c5a/source [39m[32m200[39m [90m1667 ms - 27341[39m [90m[39m
[38;5;118m[3ad81461][0m[38;5;86m[HTTP][0m [37m-->[39m [37mGET[39m [37m/wd/hub/session/3ad81461-6fb8-4008-9819-5f7a67c05c5a/screenshot[39m [90m{}[39m
[38;5;118m[3ad81461][0m[38;5;86m[HTTP][0m [37m<-- GET /wd/hub/session/3ad81461-6fb8-4008-9819-5f7a67c05c5a/screenshot [39m[32m200[39m [90m581 ms - 147408[39m [90m[39m
[38;5;118m[3ad81461][0m[38;5;86m[HTTP][0m [37m-->[39m [37mDELETE[39m [37m/wd/hub/session/3ad81461-6fb8-4008-9819-5f7a67c05c5a[39m [90m{}[39m
[38;5;118m[3ad81461][0m[38;5;192m[AppiumDriver@eb16][0m Removing session 3ad81461-6fb8-4008-9819-5f7a67c05c5a from our master session list
[38;5;118m[3ad81461][0m[38;5;-150m[AndroidUiautomator2Driver@db16][0m Did not get confirmation UiAutomator2 deleteSession worked; Error was: UnknownError: An unknown server-side error occurred while processing the command. Original error: 'DELETE /' cannot be proxied to UiAutomator2 server because the instrumentation process is not running (probably crashed). Check the server log and/or the logcat output for more details
[38;5;118m[3ad81461][0m[38;5;-150m[AndroidUiautomator2Driver@db16][0m Restoring hidden api policy to the device default configuration
[38;5;118m[3ad81461][0m[38;5;86m[HTTP][0m [37m<-- DELETE /wd/hub/session/3ad81461-6fb8-4008-9819-5f7a67c05c5a [39m[32m200[39m [90m565 ms - 14[39m [90m[39m
